<?xml version="1.0" encoding="UTF-8"?>
<!-- Generated by org.testng.reporters.JUnitReportReporter -->
<testsuite skipped="0" hostname="admin1-LIVA-Z2V" name="com.bridgelabz.fundoonote.restassuredapitest.NoteRestAssuredApiTest" tests="6" failures="0" timestamp="07 Dec 2019 11:30:49 GMT" time="3.666" errors="0">
  <testcase name="pinApiTest" time="0.085" classname="com.bridgelabz.fundoonote.restassuredapitest.NoteRestAssuredApiTest"/>
  <testcase name="trashApiTest" time="0.058" classname="com.bridgelabz.fundoonote.restassuredapitest.NoteRestAssuredApiTest"/>
  <testcase name="deleteNoteApiTest" time="0.108" classname="com.bridgelabz.fundoonote.restassuredapitest.NoteRestAssuredApiTest"/>
  <testcase name="updateNoteApiTest" time="0.094" classname="com.bridgelabz.fundoonote.restassuredapitest.NoteRestAssuredApiTest"/>
  <testcase name="addNoteApiTest" time="2.991" classname="com.bridgelabz.fundoonote.restassuredapitest.NoteRestAssuredApiTest"/>
  <testcase name="archiveApiTest" time="0.330" classname="com.bridgelabz.fundoonote.restassuredapitest.NoteRestAssuredApiTest"/>
</testsuite> <!-- com.bridgelabz.fundoonote.restassuredapitest.NoteRestAssuredApiTest -->
