<?xml version="1.0" encoding="UTF-8"?>
<!-- Generated by org.testng.reporters.JUnitReportReporter -->
<testsuite skipped="0" hostname="admin1-LIVA-Z2V" name="com.bridgelabz.fundoonote.restassuredapitest.UserRestAssuredApiTest" tests="4" failures="0" timestamp="07 Dec 2019 11:37:24 GMT" time="4.481" errors="0">
  <testcase name="addUserApiTest" time="3.146" classname="com.bridgelabz.fundoonote.restassuredapitest.UserRestAssuredApiTest"/>
  <testcase name="searchUserApiTest" time="0.060" classname="com.bridgelabz.fundoonote.restassuredapitest.UserRestAssuredApiTest"/>
  <testcase name="deleteUserApiTest" time="0.389" classname="com.bridgelabz.fundoonote.restassuredapitest.UserRestAssuredApiTest"/>
  <testcase name="getAllUser" time="0.886" classname="com.bridgelabz.fundoonote.restassuredapitest.UserRestAssuredApiTest"/>
</testsuite> <!-- com.bridgelabz.fundoonote.restassuredapitest.UserRestAssuredApiTest -->
